2025-07-01 13:03:10,466 [7] INFO  SMSPORTALAPI.SmsportalApi - Starting sp_CreateVendorAdmin for vendorName=Willy, email=willy@gmail.com
2025-07-01 13:03:10,489 [7] INFO  SMSPORTALAPI.SmsportalApi - sp_CreateVendorAdmin result: Vendor admin created successfully.
2025-07-01 13:04:17,998 [8] INFO  SMSPORTALAPI.SmsportalApi - Starting sp_CreateVendorAdmin for vendorName=Amooti, email=amooti@gmail.com
2025-07-01 13:04:18,004 [8] INFO  SMSPORTALAPI.SmsportalApi - sp_CreateVendorAdmin result: Vendor admin created successfully.
2025-07-01 13:11:23,434 [9] INFO  SMSPORTALAPI.SmsportalApi - Starting sp_CreateVendorAdmin for vendorName=DFCU, email=dfcu@gmail.com
2025-07-01 13:11:23,441 [9] INFO  SMSPORTALAPI.SmsportalApi - sp_CreateVendorAdmin result: Vendor admin created successfully.
2025-07-01 13:21:05,621 [11] INFO  SMSPORTALAPI.SmsportalApi - Starting sp_CreateVendorAdmin for vendorName=Crane, email=crane@gmail.com
2025-07-01 13:21:05,647 [11] INFO  SMSPORTALAPI.SmsportalApi - sp_CreateVendorAdmin result: Vendor admin created successfully.
2025-07-01 13:48:16,951 [14] INFO  SMSPORTALAPI.SmsportalApi - Starting sp_CreateVendorAdmin for vendorName=DFCU, email=dfcu@gmail.com
2025-07-01 13:48:17,073 [14] ERROR SMSPORTALAPI.SmsportalApi - Error in sp_CreateVendorAdmin for email=dfcu@gmail.com
System.InvalidCastException: Failed to convert parameter value from a Byte[] to a String. ---> System.InvalidCastException: Object must implement IConvertible.
   at System.Convert.ChangeType(Object value, Type conversionType, IFormatProvider provider)
   at System.Data.SqlClient.SqlParameter.CoerceValue(Object value, MetaType destinationType, Boolean& coercedToDataFeed, Boolean& typeChanged, Boolean allowStreaming)
   --- End of inner exception stack trace ---
   at System.Data.SqlClient.SqlParameter.CoerceValue(Object value, MetaType destinationType, Boolean& coercedToDataFeed, Boolean& typeChanged, Boolean allowStreaming)
   at System.Data.SqlClient.SqlParameter.GetCoercedValue()
   at System.Data.SqlClient.SqlParameter.Validate(Int32 index, Boolean isCommandProc)
   at System.Data.SqlClient.SqlCommand.SetUpRPCParameters(_SqlRPC rpc, Int32 startCount, Boolean inSchema, SqlParameterCollection parameters)
   at System.Data.SqlClient.SqlCommand.BuildRPC(Boolean inSchema, SqlParameterCollection parameters, _SqlRPC& rpc)
   at System.Data.SqlClient.SqlCommand.RunExecuteReaderTds(CommandBehavior cmdBehavior, RunBehavior runBehavior, Boolean returnStream, Boolean async, Int32 timeout, Task& task, Boolean asyncWrite, Boolean inRetry, SqlDataReader ds, Boolean describeParameterEncryptionRequest)
   at System.Data.SqlClient.SqlCommand.RunExecuteReader(CommandBehavior cmdBehavior, RunBehavior runBehavior, Boolean returnStream, String method, TaskCompletionSource`1 completion, Int32 timeout, Task& task, Boolean& usedCache, Boolean asyncWrite, Boolean inRetry)
   at System.Data.SqlClient.SqlCommand.InternalExecuteNonQuery(TaskCompletionSource`1 completion, String methodName, Boolean sendToPipe, Int32 timeout, Boolean& usedCache, Boolean asyncWrite, Boolean inRetry)
   at System.Data.SqlClient.SqlCommand.ExecuteNonQuery()
   at Microsoft.Practices.EnterpriseLibrary.Data.Database.DoExecuteNonQuery(DbCommand command)
   at Microsoft.Practices.EnterpriseLibrary.Data.Database.ExecuteNonQuery(DbCommand command)
   at SmsPortalClassLibrary.ControlObjects.DatabaseHelper.CreateVendorAdmin(String vendorName, String userName, String email, Byte[] passwordHash) in C:\Users\Willy Gafabusa\Desktop\SMSPORTAL\SMSPORTALAPI\SmsPortalClassLibrary\ControlObjects\DatabaseHelper.cs:line 45
   at SmsPortalClassLibrary.ControlObjects.BusinessLogic.CreateVendorAdmin(String vendorName, String userName, String email, Byte[] passwordHash) in C:\Users\Willy Gafabusa\Desktop\SMSPORTAL\SMSPORTALAPI\SmsPortalClassLibrary\ControlObjects\BusinessLogic.cs:line 29
   at SMSPORTALAPI.SmsportalApi.sp_CreateVendorAdmin(String vendorName, String userName, String email, String password) in C:\Users\Willy Gafabusa\Desktop\SMSPORTAL\SMSPORTALAPI\SMSPORTALAPI\SmsportalApi.asmx.cs:line 50
2025-07-01 13:58:40,287 [11] INFO  SMSPORTALAPI.SmsportalApi - Starting sp_CreateVendorAdmin for vendorName=DFCU, email=dfcu@gmail.com
2025-07-01 13:58:40,335 [11] ERROR SMSPORTALAPI.SmsportalApi - Error in sp_CreateVendorAdmin for email=dfcu@gmail.com
System.InvalidCastException: Failed to convert parameter value from a Byte[] to a String. ---> System.InvalidCastException: Object must implement IConvertible.
   at System.Convert.ChangeType(Object value, Type conversionType, IFormatProvider provider)
   at System.Data.SqlClient.SqlParameter.CoerceValue(Object value, MetaType destinationType, Boolean& coercedToDataFeed, Boolean& typeChanged, Boolean allowStreaming)
   --- End of inner exception stack trace ---
   at System.Data.SqlClient.SqlParameter.CoerceValue(Object value, MetaType destinationType, Boolean& coercedToDataFeed, Boolean& typeChanged, Boolean allowStreaming)
   at System.Data.SqlClient.SqlParameter.GetCoercedValue()
   at System.Data.SqlClient.SqlParameter.Validate(Int32 index, Boolean isCommandProc)
   at System.Data.SqlClient.SqlCommand.SetUpRPCParameters(_SqlRPC rpc, Int32 startCount, Boolean inSchema, SqlParameterCollection parameters)
   at System.Data.SqlClient.SqlCommand.BuildRPC(Boolean inSchema, SqlParameterCollection parameters, _SqlRPC& rpc)
   at System.Data.SqlClient.SqlCommand.RunExecuteReaderTds(CommandBehavior cmdBehavior, RunBehavior runBehavior, Boolean returnStream, Boolean async, Int32 timeout, Task& task, Boolean asyncWrite, Boolean inRetry, SqlDataReader ds, Boolean describeParameterEncryptionRequest)
   at System.Data.SqlClient.SqlCommand.RunExecuteReader(CommandBehavior cmdBehavior, RunBehavior runBehavior, Boolean returnStream, String method, TaskCompletionSource`1 completion, Int32 timeout, Task& task, Boolean& usedCache, Boolean asyncWrite, Boolean inRetry)
   at System.Data.SqlClient.SqlCommand.InternalExecuteNonQuery(TaskCompletionSource`1 completion, String methodName, Boolean sendToPipe, Int32 timeout, Boolean& usedCache, Boolean asyncWrite, Boolean inRetry)
   at System.Data.SqlClient.SqlCommand.ExecuteNonQuery()
   at Microsoft.Practices.EnterpriseLibrary.Data.Database.DoExecuteNonQuery(DbCommand command)
   at Microsoft.Practices.EnterpriseLibrary.Data.Database.ExecuteNonQuery(DbCommand command)
   at SmsPortalClassLibrary.ControlObjects.DatabaseHelper.CreateVendorAdmin(String vendorName, String userName, String email, Byte[] passwordHash) in C:\Users\Willy Gafabusa\Desktop\SMSPORTAL\SMSPORTALAPI\SmsPortalClassLibrary\ControlObjects\DatabaseHelper.cs:line 45
   at SmsPortalClassLibrary.ControlObjects.BusinessLogic.CreateVendorAdmin(String vendorName, String userName, String email, Byte[] passwordHash) in C:\Users\Willy Gafabusa\Desktop\SMSPORTAL\SMSPORTALAPI\SmsPortalClassLibrary\ControlObjects\BusinessLogic.cs:line 29
   at SMSPORTALAPI.SmsportalApi.sp_CreateVendorAdmin(String vendorName, String userName, String email, String password) in C:\Users\Willy Gafabusa\Desktop\SMSPORTAL\SMSPORTALAPI\SMSPORTALAPI\SmsportalApi.asmx.cs:line 50
2025-07-01 14:00:15,480 [11] INFO  SMSPORTALAPI.SmsportalApi - Starting sp_CreateVendorAdmin for vendorName=DFCU, email=dfcu@gmail.com
2025-07-01 14:00:15,600 [11] ERROR SMSPORTALAPI.SmsportalApi - Error in sp_CreateVendorAdmin for email=dfcu@gmail.com
System.InvalidCastException: Failed to convert parameter value from a Byte[] to a String. ---> System.InvalidCastException: Object must implement IConvertible.
   at System.Convert.ChangeType(Object value, Type conversionType, IFormatProvider provider)
   at System.Data.SqlClient.SqlParameter.CoerceValue(Object value, MetaType destinationType, Boolean& coercedToDataFeed, Boolean& typeChanged, Boolean allowStreaming)
   --- End of inner exception stack trace ---
   at System.Data.SqlClient.SqlParameter.CoerceValue(Object value, MetaType destinationType, Boolean& coercedToDataFeed, Boolean& typeChanged, Boolean allowStreaming)
   at System.Data.SqlClient.SqlParameter.GetCoercedValue()
   at System.Data.SqlClient.SqlParameter.Validate(Int32 index, Boolean isCommandProc)
   at System.Data.SqlClient.SqlCommand.SetUpRPCParameters(_SqlRPC rpc, Int32 startCount, Boolean inSchema, SqlParameterCollection parameters)
   at System.Data.SqlClient.SqlCommand.BuildRPC(Boolean inSchema, SqlParameterCollection parameters, _SqlRPC& rpc)
   at System.Data.SqlClient.SqlCommand.RunExecuteReaderTds(CommandBehavior cmdBehavior, RunBehavior runBehavior, Boolean returnStream, Boolean async, Int32 timeout, Task& task, Boolean asyncWrite, Boolean inRetry, SqlDataReader ds, Boolean describeParameterEncryptionRequest)
   at System.Data.SqlClient.SqlCommand.RunExecuteReader(CommandBehavior cmdBehavior, RunBehavior runBehavior, Boolean returnStream, String method, TaskCompletionSource`1 completion, Int32 timeout, Task& task, Boolean& usedCache, Boolean asyncWrite, Boolean inRetry)
   at System.Data.SqlClient.SqlCommand.InternalExecuteNonQuery(TaskCompletionSource`1 completion, String methodName, Boolean sendToPipe, Int32 timeout, Boolean& usedCache, Boolean asyncWrite, Boolean inRetry)
   at System.Data.SqlClient.SqlCommand.ExecuteNonQuery()
   at Microsoft.Practices.EnterpriseLibrary.Data.Database.DoExecuteNonQuery(DbCommand command)
   at Microsoft.Practices.EnterpriseLibrary.Data.Database.ExecuteNonQuery(DbCommand command)
   at SmsPortalClassLibrary.ControlObjects.DatabaseHelper.CreateVendorAdmin(String vendorName, String userName, String email, Byte[] passwordHash) in C:\Users\Willy Gafabusa\Desktop\SMSPORTAL\SMSPORTALAPI\SmsPortalClassLibrary\ControlObjects\DatabaseHelper.cs:line 45
   at SmsPortalClassLibrary.ControlObjects.BusinessLogic.CreateVendorAdmin(String vendorName, String userName, String email, Byte[] passwordHash) in C:\Users\Willy Gafabusa\Desktop\SMSPORTAL\SMSPORTALAPI\SmsPortalClassLibrary\ControlObjects\BusinessLogic.cs:line 29
   at SMSPORTALAPI.SmsportalApi.sp_CreateVendorAdmin(String vendorName, String userName, String email, String password) in C:\Users\Willy Gafabusa\Desktop\SMSPORTAL\SMSPORTALAPI\SMSPORTALAPI\SmsportalApi.asmx.cs:line 50
