2025-07-04 08:59:30,965 [11] INFO  SMSPORTALAPI.SmsportalApi - Starting sp_CreateVendorAdmin for vendorName=DFCU, email=dfcu@gmail.com
2025-07-04 08:59:31,110 [11] ERROR SMSPORTALAPI.SmsportalApi - Error in sp_CreateVendorAdmin for email=dfcu@gmail.com
System.InvalidCastException: Failed to convert parameter value from a Byte[] to a String. ---> System.InvalidCastException: Object must implement IConvertible.
   at System.Convert.ChangeType(Object value, Type conversionType, IFormatProvider provider)
   at System.Data.SqlClient.SqlParameter.CoerceValue(Object value, MetaType destinationType, Boolean& coercedToDataFeed, Boolean& typeChanged, Boolean allowStreaming)
   --- End of inner exception stack trace ---
   at System.Data.SqlClient.SqlParameter.CoerceValue(Object value, MetaType destinationType, Boolean& coercedToDataFeed, Boolean& typeChanged, Boolean allowStreaming)
   at System.Data.SqlClient.SqlParameter.GetCoercedValue()
   at System.Data.SqlClient.SqlParameter.Validate(Int32 index, Boolean isCommandProc)
   at System.Data.SqlClient.SqlCommand.SetUpRPCParameters(_SqlRPC rpc, Int32 startCount, Boolean inSchema, SqlParameterCollection parameters)
   at System.Data.SqlClient.SqlCommand.BuildRPC(Boolean inSchema, SqlParameterCollection parameters, _SqlRPC& rpc)
   at System.Data.SqlClient.SqlCommand.RunExecuteReaderTds(CommandBehavior cmdBehavior, RunBehavior runBehavior, Boolean returnStream, Boolean async, Int32 timeout, Task& task, Boolean asyncWrite, Boolean inRetry, SqlDataReader ds, Boolean describeParameterEncryptionRequest)
   at System.Data.SqlClient.SqlCommand.RunExecuteReader(CommandBehavior cmdBehavior, RunBehavior runBehavior, Boolean returnStream, String method, TaskCompletionSource`1 completion, Int32 timeout, Task& task, Boolean& usedCache, Boolean asyncWrite, Boolean inRetry)
   at System.Data.SqlClient.SqlCommand.InternalExecuteNonQuery(TaskCompletionSource`1 completion, String methodName, Boolean sendToPipe, Int32 timeout, Boolean& usedCache, Boolean asyncWrite, Boolean inRetry)
   at System.Data.SqlClient.SqlCommand.ExecuteNonQuery()
   at Microsoft.Practices.EnterpriseLibrary.Data.Database.DoExecuteNonQuery(DbCommand command)
   at Microsoft.Practices.EnterpriseLibrary.Data.Database.ExecuteNonQuery(DbCommand command)
   at SmsPortalClassLibrary.ControlObjects.DatabaseHelper.CreateVendorAdmin(String vendorName, String userName, String email, Byte[] passwordHash) in C:\Users\Willy Gafabusa\Desktop\SMSPORTAL\SMSPORTALAPI\SmsPortalClassLibrary\ControlObjects\DatabaseHelper.cs:line 45
   at SmsPortalClassLibrary.ControlObjects.BusinessLogic.CreateVendorAdmin(String vendorName, String userName, String email, Byte[] passwordHash) in C:\Users\Willy Gafabusa\Desktop\SMSPORTAL\SMSPORTALAPI\SmsPortalClassLibrary\ControlObjects\BusinessLogic.cs:line 29
   at SMSPORTALAPI.SmsportalApi.sp_CreateVendorAdmin(String vendorName, String userName, String email, String password) in C:\Users\Willy Gafabusa\Desktop\SMSPORTAL\SMSPORTALAPI\SMSPORTALAPI\SmsportalApi.asmx.cs:line 50
2025-07-04 09:06:38,146 [6] INFO  SMSPORTALAPI.SmsportalApi - Starting sp_CreateVendorAdmin for vendorName=DFCU, email=dfcu@gmail.com
2025-07-04 09:06:38,257 [6] ERROR SMSPORTALAPI.SmsportalApi - Error in sp_CreateVendorAdmin for email=dfcu@gmail.com
System.InvalidCastException: Failed to convert parameter value from a Byte[] to a String. ---> System.InvalidCastException: Object must implement IConvertible.
   at System.Convert.ChangeType(Object value, Type conversionType, IFormatProvider provider)
   at System.Data.SqlClient.SqlParameter.CoerceValue(Object value, MetaType destinationType, Boolean& coercedToDataFeed, Boolean& typeChanged, Boolean allowStreaming)
   --- End of inner exception stack trace ---
   at System.Data.SqlClient.SqlParameter.CoerceValue(Object value, MetaType destinationType, Boolean& coercedToDataFeed, Boolean& typeChanged, Boolean allowStreaming)
   at System.Data.SqlClient.SqlParameter.GetCoercedValue()
   at System.Data.SqlClient.SqlParameter.Validate(Int32 index, Boolean isCommandProc)
   at System.Data.SqlClient.SqlCommand.SetUpRPCParameters(_SqlRPC rpc, Int32 startCount, Boolean inSchema, SqlParameterCollection parameters)
   at System.Data.SqlClient.SqlCommand.BuildRPC(Boolean inSchema, SqlParameterCollection parameters, _SqlRPC& rpc)
   at System.Data.SqlClient.SqlCommand.RunExecuteReaderTds(CommandBehavior cmdBehavior, RunBehavior runBehavior, Boolean returnStream, Boolean async, Int32 timeout, Task& task, Boolean asyncWrite, Boolean inRetry, SqlDataReader ds, Boolean describeParameterEncryptionRequest)
   at System.Data.SqlClient.SqlCommand.RunExecuteReader(CommandBehavior cmdBehavior, RunBehavior runBehavior, Boolean returnStream, String method, TaskCompletionSource`1 completion, Int32 timeout, Task& task, Boolean& usedCache, Boolean asyncWrite, Boolean inRetry)
   at System.Data.SqlClient.SqlCommand.InternalExecuteNonQuery(TaskCompletionSource`1 completion, String methodName, Boolean sendToPipe, Int32 timeout, Boolean& usedCache, Boolean asyncWrite, Boolean inRetry)
   at System.Data.SqlClient.SqlCommand.ExecuteNonQuery()
   at Microsoft.Practices.EnterpriseLibrary.Data.Database.DoExecuteNonQuery(DbCommand command)
   at Microsoft.Practices.EnterpriseLibrary.Data.Database.ExecuteNonQuery(DbCommand command)
   at SmsPortalClassLibrary.ControlObjects.DatabaseHelper.CreateVendorAdmin(String vendorName, String userName, String email, Byte[] passwordHash) in C:\Users\Willy Gafabusa\Desktop\SMSPORTAL\SMSPORTALAPI\SmsPortalClassLibrary\ControlObjects\DatabaseHelper.cs:line 46
   at SmsPortalClassLibrary.ControlObjects.BusinessLogic.CreateVendorAdmin(String vendorName, String userName, String email, Byte[] passwordHash) in C:\Users\Willy Gafabusa\Desktop\SMSPORTAL\SMSPORTALAPI\SmsPortalClassLibrary\ControlObjects\BusinessLogic.cs:line 29
   at SMSPORTALAPI.SmsportalApi.sp_CreateVendorAdmin(String vendorName, String userName, String email, String password) in C:\Users\Willy Gafabusa\Desktop\SMSPORTAL\SMSPORTALAPI\SMSPORTALAPI\SmsportalApi.asmx.cs:line 50
2025-07-04 09:09:04,173 [8] INFO  SMSPORTALAPI.SmsportalApi - Starting sp_CreateVendorAdmin for vendorName=DFCU, email=dfcu@gmail.com
2025-07-04 09:09:04,283 [8] ERROR SMSPORTALAPI.SmsportalApi - Error in sp_CreateVendorAdmin for email=dfcu@gmail.com
System.InvalidCastException: Failed to convert parameter value from a Byte[] to a String. ---> System.InvalidCastException: Object must implement IConvertible.
   at System.Convert.ChangeType(Object value, Type conversionType, IFormatProvider provider)
   at System.Data.SqlClient.SqlParameter.CoerceValue(Object value, MetaType destinationType, Boolean& coercedToDataFeed, Boolean& typeChanged, Boolean allowStreaming)
   --- End of inner exception stack trace ---
   at System.Data.SqlClient.SqlParameter.CoerceValue(Object value, MetaType destinationType, Boolean& coercedToDataFeed, Boolean& typeChanged, Boolean allowStreaming)
   at System.Data.SqlClient.SqlParameter.GetCoercedValue()
   at System.Data.SqlClient.SqlParameter.Validate(Int32 index, Boolean isCommandProc)
   at System.Data.SqlClient.SqlCommand.SetUpRPCParameters(_SqlRPC rpc, Int32 startCount, Boolean inSchema, SqlParameterCollection parameters)
   at System.Data.SqlClient.SqlCommand.BuildRPC(Boolean inSchema, SqlParameterCollection parameters, _SqlRPC& rpc)
   at System.Data.SqlClient.SqlCommand.RunExecuteReaderTds(CommandBehavior cmdBehavior, RunBehavior runBehavior, Boolean returnStream, Boolean async, Int32 timeout, Task& task, Boolean asyncWrite, Boolean inRetry, SqlDataReader ds, Boolean describeParameterEncryptionRequest)
   at System.Data.SqlClient.SqlCommand.RunExecuteReader(CommandBehavior cmdBehavior, RunBehavior runBehavior, Boolean returnStream, String method, TaskCompletionSource`1 completion, Int32 timeout, Task& task, Boolean& usedCache, Boolean asyncWrite, Boolean inRetry)
   at System.Data.SqlClient.SqlCommand.InternalExecuteNonQuery(TaskCompletionSource`1 completion, String methodName, Boolean sendToPipe, Int32 timeout, Boolean& usedCache, Boolean asyncWrite, Boolean inRetry)
   at System.Data.SqlClient.SqlCommand.ExecuteNonQuery()
   at Microsoft.Practices.EnterpriseLibrary.Data.Database.DoExecuteNonQuery(DbCommand command)
   at Microsoft.Practices.EnterpriseLibrary.Data.Database.ExecuteNonQuery(DbCommand command)
   at SmsPortalClassLibrary.ControlObjects.DatabaseHelper.CreateVendorAdmin(String vendorName, String userName, String email, Byte[] passwordHash) in C:\Users\Willy Gafabusa\Desktop\SMSPORTAL\SMSPORTALAPI\SmsPortalClassLibrary\ControlObjects\DatabaseHelper.cs:line 46
   at SmsPortalClassLibrary.ControlObjects.BusinessLogic.CreateVendorAdmin(String vendorName, String userName, String email, Byte[] passwordHash) in C:\Users\Willy Gafabusa\Desktop\SMSPORTAL\SMSPORTALAPI\SmsPortalClassLibrary\ControlObjects\BusinessLogic.cs:line 29
   at SMSPORTALAPI.SmsportalApi.sp_CreateVendorAdmin(String vendorName, String userName, String email, String password) in C:\Users\Willy Gafabusa\Desktop\SMSPORTAL\SMSPORTALAPI\SMSPORTALAPI\SmsportalApi.asmx.cs:line 50
2025-07-04 09:14:06,724 [11] INFO  SMSPORTALAPI.SmsportalApi - Starting sp_CreateVendorAdmin for vendorName=DFCU, email=dfcu@gmail.com
2025-07-04 09:14:06,851 [11] ERROR SMSPORTALAPI.SmsportalApi - Error in sp_CreateVendorAdmin for email=dfcu@gmail.com
System.Data.SqlClient.SqlException (0x80131904): Implicit conversion from data type nvarchar to varbinary is not allowed. Use the CONVERT function to run this query.
   at System.Data.SqlClient.SqlConnection.OnError(SqlException exception, Boolean breakConnection, Action`1 wrapCloseInAction)
   at System.Data.SqlClient.TdsParser.ThrowExceptionAndWarning(TdsParserStateObject stateObj, Boolean callerHasConnectionLock, Boolean asyncClose)
   at System.Data.SqlClient.TdsParser.TryRun(RunBehavior runBehavior, SqlCommand cmdHandler, SqlDataReader dataStream, BulkCopySimpleResultSet bulkCopyHandler, TdsParserStateObject stateObj, Boolean& dataReady)
   at System.Data.SqlClient.SqlCommand.FinishExecuteReader(SqlDataReader ds, RunBehavior runBehavior, String resetOptionsString, Boolean isInternal, Boolean forDescribeParameterEncryption, Boolean shouldCacheForAlwaysEncrypted)
   at System.Data.SqlClient.SqlCommand.RunExecuteReaderTds(CommandBehavior cmdBehavior, RunBehavior runBehavior, Boolean returnStream, Boolean async, Int32 timeout, Task& task, Boolean asyncWrite, Boolean inRetry, SqlDataReader ds, Boolean describeParameterEncryptionRequest)
   at System.Data.SqlClient.SqlCommand.RunExecuteReader(CommandBehavior cmdBehavior, RunBehavior runBehavior, Boolean returnStream, String method, TaskCompletionSource`1 completion, Int32 timeout, Task& task, Boolean& usedCache, Boolean asyncWrite, Boolean inRetry)
   at System.Data.SqlClient.SqlCommand.InternalExecuteNonQuery(TaskCompletionSource`1 completion, String methodName, Boolean sendToPipe, Int32 timeout, Boolean& usedCache, Boolean asyncWrite, Boolean inRetry)
   at System.Data.SqlClient.SqlCommand.ExecuteNonQuery()
   at Microsoft.Practices.EnterpriseLibrary.Data.Database.DoExecuteNonQuery(DbCommand command)
   at Microsoft.Practices.EnterpriseLibrary.Data.Database.ExecuteNonQuery(DbCommand command)
   at SmsPortalClassLibrary.ControlObjects.DatabaseHelper.CreateVendorAdmin(String vendorName, String userName, String email, Byte[] passwordHash) in C:\Users\Willy Gafabusa\Desktop\SMSPORTAL\SMSPORTALAPI\SmsPortalClassLibrary\ControlObjects\DatabaseHelper.cs:line 46
   at SmsPortalClassLibrary.ControlObjects.BusinessLogic.CreateVendorAdmin(String vendorName, String userName, String email, Byte[] passwordHash) in C:\Users\Willy Gafabusa\Desktop\SMSPORTAL\SMSPORTALAPI\SmsPortalClassLibrary\ControlObjects\BusinessLogic.cs:line 29
   at SMSPORTALAPI.SmsportalApi.sp_CreateVendorAdmin(String vendorName, String userName, String email, String password) in C:\Users\Willy Gafabusa\Desktop\SMSPORTAL\SMSPORTALAPI\SMSPORTALAPI\SmsportalApi.asmx.cs:line 50
ClientConnectionId:0bd3fd3f-4c9f-49e4-bb5a-1172fa7a84ae
Error Number:257,State:3,Class:16
2025-07-04 09:25:58,466 [12] INFO  SMSPORTALAPI.SmsportalApi - Starting sp_CreateVendorAdmin for vendorName=DFCU, email=dfcu@gmail.com
2025-07-04 09:25:58,574 [12] ERROR SMSPORTALAPI.SmsportalApi - Error in sp_CreateVendorAdmin for email=dfcu@gmail.com
System.Data.SqlClient.SqlException (0x80131904): Implicit conversion from data type nvarchar to varbinary is not allowed. Use the CONVERT function to run this query.
   at System.Data.SqlClient.SqlConnection.OnError(SqlException exception, Boolean breakConnection, Action`1 wrapCloseInAction)
   at System.Data.SqlClient.TdsParser.ThrowExceptionAndWarning(TdsParserStateObject stateObj, Boolean callerHasConnectionLock, Boolean asyncClose)
   at System.Data.SqlClient.TdsParser.TryRun(RunBehavior runBehavior, SqlCommand cmdHandler, SqlDataReader dataStream, BulkCopySimpleResultSet bulkCopyHandler, TdsParserStateObject stateObj, Boolean& dataReady)
   at System.Data.SqlClient.SqlCommand.FinishExecuteReader(SqlDataReader ds, RunBehavior runBehavior, String resetOptionsString, Boolean isInternal, Boolean forDescribeParameterEncryption, Boolean shouldCacheForAlwaysEncrypted)
   at System.Data.SqlClient.SqlCommand.RunExecuteReaderTds(CommandBehavior cmdBehavior, RunBehavior runBehavior, Boolean returnStream, Boolean async, Int32 timeout, Task& task, Boolean asyncWrite, Boolean inRetry, SqlDataReader ds, Boolean describeParameterEncryptionRequest)
   at System.Data.SqlClient.SqlCommand.RunExecuteReader(CommandBehavior cmdBehavior, RunBehavior runBehavior, Boolean returnStream, String method, TaskCompletionSource`1 completion, Int32 timeout, Task& task, Boolean& usedCache, Boolean asyncWrite, Boolean inRetry)
   at System.Data.SqlClient.SqlCommand.InternalExecuteNonQuery(TaskCompletionSource`1 completion, String methodName, Boolean sendToPipe, Int32 timeout, Boolean& usedCache, Boolean asyncWrite, Boolean inRetry)
   at System.Data.SqlClient.SqlCommand.ExecuteNonQuery()
   at Microsoft.Practices.EnterpriseLibrary.Data.Database.DoExecuteNonQuery(DbCommand command)
   at Microsoft.Practices.EnterpriseLibrary.Data.Database.ExecuteNonQuery(DbCommand command)
   at SmsPortalClassLibrary.ControlObjects.DatabaseHelper.CreateVendorAdmin(String vendorName, String userName, String email, Byte[] passwordHash) in C:\Users\Willy Gafabusa\Desktop\SMSPORTAL\SMSPORTALAPI\SmsPortalClassLibrary\ControlObjects\DatabaseHelper.cs:line 46
   at SmsPortalClassLibrary.ControlObjects.BusinessLogic.CreateVendorAdmin(String vendorName, String userName, String email, Byte[] passwordHash) in C:\Users\Willy Gafabusa\Desktop\SMSPORTAL\SMSPORTALAPI\SmsPortalClassLibrary\ControlObjects\BusinessLogic.cs:line 29
   at SMSPORTALAPI.SmsportalApi.sp_CreateVendorAdmin(String vendorName, String userName, String email, String password) in C:\Users\Willy Gafabusa\Desktop\SMSPORTAL\SMSPORTALAPI\SMSPORTALAPI\SmsportalApi.asmx.cs:line 50
ClientConnectionId:24c04274-a2ac-4123-8f4e-36736b6baa61
Error Number:257,State:3,Class:16
2025-07-04 09:31:22,948 [10] INFO  SMSPORTALAPI.SmsportalApi - Starting sp_CreateVendorAdmin for vendorName=DFCU, email=dfcu@gmail.com
2025-07-04 09:31:23,069 [10] ERROR SMSPORTALAPI.SmsportalApi - Error in sp_CreateVendorAdmin for email=dfcu@gmail.com
System.InvalidCastException: Failed to convert parameter value from a Byte[] to a String. ---> System.InvalidCastException: Object must implement IConvertible.
   at System.Convert.ChangeType(Object value, Type conversionType, IFormatProvider provider)
   at System.Data.SqlClient.SqlParameter.CoerceValue(Object value, MetaType destinationType, Boolean& coercedToDataFeed, Boolean& typeChanged, Boolean allowStreaming)
   --- End of inner exception stack trace ---
   at System.Data.SqlClient.SqlParameter.CoerceValue(Object value, MetaType destinationType, Boolean& coercedToDataFeed, Boolean& typeChanged, Boolean allowStreaming)
   at System.Data.SqlClient.SqlParameter.GetCoercedValue()
   at System.Data.SqlClient.SqlParameter.Validate(Int32 index, Boolean isCommandProc)
   at System.Data.SqlClient.SqlCommand.SetUpRPCParameters(_SqlRPC rpc, Int32 startCount, Boolean inSchema, SqlParameterCollection parameters)
   at System.Data.SqlClient.SqlCommand.BuildRPC(Boolean inSchema, SqlParameterCollection parameters, _SqlRPC& rpc)
   at System.Data.SqlClient.SqlCommand.RunExecuteReaderTds(CommandBehavior cmdBehavior, RunBehavior runBehavior, Boolean returnStream, Boolean async, Int32 timeout, Task& task, Boolean asyncWrite, Boolean inRetry, SqlDataReader ds, Boolean describeParameterEncryptionRequest)
   at System.Data.SqlClient.SqlCommand.RunExecuteReader(CommandBehavior cmdBehavior, RunBehavior runBehavior, Boolean returnStream, String method, TaskCompletionSource`1 completion, Int32 timeout, Task& task, Boolean& usedCache, Boolean asyncWrite, Boolean inRetry)
   at System.Data.SqlClient.SqlCommand.InternalExecuteNonQuery(TaskCompletionSource`1 completion, String methodName, Boolean sendToPipe, Int32 timeout, Boolean& usedCache, Boolean asyncWrite, Boolean inRetry)
   at System.Data.SqlClient.SqlCommand.ExecuteNonQuery()
   at Microsoft.Practices.EnterpriseLibrary.Data.Database.DoExecuteNonQuery(DbCommand command)
   at Microsoft.Practices.EnterpriseLibrary.Data.Database.ExecuteNonQuery(DbCommand command)
   at SmsPortalClassLibrary.ControlObjects.DatabaseHelper.CreateVendorAdmin(String vendorName, String userName, String email, Byte[] passwordHash) in C:\Users\Willy Gafabusa\Desktop\SMSPORTAL\SMSPORTALAPI\SmsPortalClassLibrary\ControlObjects\DatabaseHelper.cs:line 46
   at SmsPortalClassLibrary.ControlObjects.BusinessLogic.CreateVendorAdmin(String vendorName, String userName, String email, Byte[] passwordHash) in C:\Users\Willy Gafabusa\Desktop\SMSPORTAL\SMSPORTALAPI\SmsPortalClassLibrary\ControlObjects\BusinessLogic.cs:line 29
   at SMSPORTALAPI.SmsportalApi.sp_CreateVendorAdmin(String vendorName, String userName, String email, String password) in C:\Users\Willy Gafabusa\Desktop\SMSPORTAL\SMSPORTALAPI\SMSPORTALAPI\SmsportalApi.asmx.cs:line 50
2025-07-04 09:34:56,792 [9] INFO  SMSPORTALAPI.SmsportalApi - Starting sp_CreateVendorAdmin for vendorName=DFCU, email=dfcu@gmail.com
2025-07-04 09:34:56,895 [9] ERROR SMSPORTALAPI.SmsportalApi - Error in sp_CreateVendorAdmin for email=dfcu@gmail.com
System.Data.SqlClient.SqlException (0x80131904): Procedure or function sp_CreateVendorAdmin has too many arguments specified.
   at System.Data.SqlClient.SqlConnection.OnError(SqlException exception, Boolean breakConnection, Action`1 wrapCloseInAction)
   at System.Data.SqlClient.TdsParser.ThrowExceptionAndWarning(TdsParserStateObject stateObj, Boolean callerHasConnectionLock, Boolean asyncClose)
   at System.Data.SqlClient.TdsParser.TryRun(RunBehavior runBehavior, SqlCommand cmdHandler, SqlDataReader dataStream, BulkCopySimpleResultSet bulkCopyHandler, TdsParserStateObject stateObj, Boolean& dataReady)
   at System.Data.SqlClient.SqlCommand.FinishExecuteReader(SqlDataReader ds, RunBehavior runBehavior, String resetOptionsString, Boolean isInternal, Boolean forDescribeParameterEncryption, Boolean shouldCacheForAlwaysEncrypted)
   at System.Data.SqlClient.SqlCommand.RunExecuteReaderTds(CommandBehavior cmdBehavior, RunBehavior runBehavior, Boolean returnStream, Boolean async, Int32 timeout, Task& task, Boolean asyncWrite, Boolean inRetry, SqlDataReader ds, Boolean describeParameterEncryptionRequest)
   at System.Data.SqlClient.SqlCommand.RunExecuteReader(CommandBehavior cmdBehavior, RunBehavior runBehavior, Boolean returnStream, String method, TaskCompletionSource`1 completion, Int32 timeout, Task& task, Boolean& usedCache, Boolean asyncWrite, Boolean inRetry)
   at System.Data.SqlClient.SqlCommand.InternalExecuteNonQuery(TaskCompletionSource`1 completion, String methodName, Boolean sendToPipe, Int32 timeout, Boolean& usedCache, Boolean asyncWrite, Boolean inRetry)
   at System.Data.SqlClient.SqlCommand.ExecuteNonQuery()
   at Microsoft.Practices.EnterpriseLibrary.Data.Database.DoExecuteNonQuery(DbCommand command)
   at Microsoft.Practices.EnterpriseLibrary.Data.Database.ExecuteNonQuery(DbCommand command)
   at SmsPortalClassLibrary.ControlObjects.DatabaseHelper.CreateVendorAdmin(String vendorName, String userName, String email, Byte[] passwordHash) in C:\Users\Willy Gafabusa\Desktop\SMSPORTAL\SMSPORTALAPI\SmsPortalClassLibrary\ControlObjects\DatabaseHelper.cs:line 46
   at SmsPortalClassLibrary.ControlObjects.BusinessLogic.CreateVendorAdmin(String vendorName, String userName, String email, Byte[] passwordHash) in C:\Users\Willy Gafabusa\Desktop\SMSPORTAL\SMSPORTALAPI\SmsPortalClassLibrary\ControlObjects\BusinessLogic.cs:line 29
   at SMSPORTALAPI.SmsportalApi.sp_CreateVendorAdmin(String vendorName, String userName, String email, String password) in C:\Users\Willy Gafabusa\Desktop\SMSPORTAL\SMSPORTALAPI\SMSPORTALAPI\SmsportalApi.asmx.cs:line 50
ClientConnectionId:f309a7db-54b9-4a78-84aa-e83460f32897
Error Number:8144,State:2,Class:16
2025-07-04 09:38:52,959 [7] INFO  SMSPORTALAPI.SmsportalApi - Starting sp_CreateVendorAdmin for vendorName=DFCU, email=dfcu@gmail.com
2025-07-04 09:38:52,998 [7] INFO  SMSPORTALAPI.SmsportalApi - sp_CreateVendorAdmin result: Vendor admin created successfully.
2025-07-04 11:22:02,022 [5] INFO  SMSPORTALAPI.SmsportalApi - Starting sp_CreateVendorAdmin for vendorName=WILLYTECH, email=willytech80@gmail.com
2025-07-04 11:22:02,077 [5] INFO  SMSPORTALAPI.SmsportalApi - sp_CreateVendorAdmin result: Vendor admin created successfully.
2025-07-04 17:47:59,996 [40] INFO  SMSPORTALAPI.SmsportalApi - Starting sp_CreateVendorAdmin for vendorName=Gafabusa, email=willygafabusa@gmail.com
2025-07-04 17:48:00,049 [40] INFO  SMSPORTALAPI.SmsportalApi - sp_CreateVendorAdmin result: Vendor admin created successfully.
